<?xml version="1.0" encoding="UTF-8"?>
<!-- Generated by org.testng.reporters.JUnitReportReporter -->
<testsuite hostname="DESKTOP-E715H5R" failures="0" tests="1" name="testActitime1.Launchbrowser" time="53.557" errors="0" timestamp="2022-06-16T14:23:21 IST" skipped="0">
  <testcase classname="testActitime1.Launchbrowser" name="login" time="53.557"/>
  <system-out/>
</testsuite> <!-- testActitime1.Launchbrowser -->
