<?xml version="1.0" encoding="UTF-8"?>
<!-- Generated by org.testng.reporters.JUnitReportReporter -->
<testsuite hostname="DESKTOP-E715H5R" failures="0" tests="1" name="testActitime1.Launchbrowser" time="111.596" errors="0" timestamp="2022-06-17T17:20:49 IST" skipped="0">
  <testcase classname="testActitime1.Launchbrowser" name="login" time="111.596"/>
  <system-out/>
</testsuite> <!-- testActitime1.Launchbrowser -->
